#
# There is insufficient memory for the Java Runtime Environment to continue.
# Native memory allocation (malloc) failed to allocate 32744 bytes. Error detail: ChunkPool::allocate
# Possible reasons:
#   The system is out of physical RAM or swap space
#   This process is running with CompressedOops enabled, and the Java Heap may be blocking the growth of the native heap
# Possible solutions:
#   Reduce memory load on the system
#   Increase physical memory or swap space
#   Check if swap backing store is full
#   Decrease Java heap size (-Xmx/-Xms)
#   Decrease number of Java threads
#   Decrease Java thread stack sizes (-Xss)
#   Set larger code cache with -XX:ReservedCodeCacheSize=
#   JVM is running with Unscaled Compressed Oops mode in which the Java heap is
#     placed in the first 4GB address space. The Java Heap base address is the
#     maximum limit for the native heap growth. Please use -XX:HeapBaseMinAddress
#     to set the Java Heap base and to place the Java Heap above 4GB virtual address.
# This output file may be truncated or incomplete.
#
#  Out of Memory Error (arena.cpp:79), pid=22144, tid=3080
#
# JRE version: OpenJDK Runtime Environment Temurin-17.0.11+9 (17.0.11+9) (build 17.0.11+9)
# Java VM: OpenJDK 64-Bit Server VM Temurin-17.0.11+9 (17.0.11+9, mixed mode, tiered, compressed oops, compressed class ptrs, parallel gc, windows-amd64)
# No core dump will be written. Minidumps are not enabled by default on client versions of Windows
#

---------------  S U M M A R Y ------------

Command Line: --add-modules=ALL-SYSTEM --add-opens=java.base/java.util=ALL-UNNAMED --add-opens=java.base/java.lang=ALL-UNNAMED --add-opens=java.base/sun.nio.fs=ALL-UNNAMED -Declipse.application=org.eclipse.jdt.ls.core.id1 -Dosgi.bundles.defaultStartLevel=4 -Declipse.product=org.eclipse.jdt.ls.core.product -Djava.import.generatesMetadataFilesAtProjectRoot=false -DDetectVMInstallationsJob.disabled=true -Dfile.encoding=utf8 -XX:+UseParallelGC -XX:GCTimeRatio=4 -XX:AdaptiveSizePolicyWeight=90 -Dsun.zip.disableMemoryMapping=true -Xmx1G -Xms100m -Xlog:disable -javaagent:c:\Users\user\.vscode\extensions\redhat.java-1.31.0-win32-x64\lombok\lombok-1.18.32.jar -XX:+HeapDumpOnOutOfMemoryError -XX:HeapDumpPath=c:\Users\user\AppData\Roaming\Code\User\workspaceStorage\ed282c5410c568b4ceee77d18a2aa3fe\redhat.java -Daether.dependencyCollector.impl=bf c:\Users\user\.vscode\extensions\redhat.java-1.31.0-win32-x64\server\plugins\org.eclipse.equinox.launcher_1.6.800.v20240513-1750.jar -configuration c:\Users\user\AppData\Roaming\Code\User\globalStorage\redhat.java\1.31.0\config_win -data c:\Users\user\AppData\Roaming\Code\User\workspaceStorage\ed282c5410c568b4ceee77d18a2aa3fe\redhat.java\jdt_ws --pipe=\\.\pipe\lsp-901b3170d0c6a70212994a51885c4b4a-sock

Host: 11th Gen Intel(R) Core(TM) i3-1115G4 @ 3.00GHz, 4 cores, 7G,  Windows 11 , 64 bit Build 22621 (10.0.22621.3527)
Time: Fri May 31 14:28:25 2024 India Standard Time elapsed time: 31.351931 seconds (0d 0h 0m 31s)

---------------  T H R E A D  ---------------

Current thread (0x000002686bd7f610):  JavaThread "C2 CompilerThread0" daemon [_thread_in_native, id=3080, stack(0x000000ddf6900000,0x000000ddf6a00000)]


Current CompileTask:
C2:  31352 7474   !   4       org.eclipse.core.internal.localstore.UnifiedTree::addChildren (453 bytes)

Stack: [0x000000ddf6900000,0x000000ddf6a00000]
Native frames: (J=compiled Java code, j=interpreted, Vv=VM code, C=native code)
V  [jvm.dll+0x67d429]
V  [jvm.dll+0x834b7a]
V  [jvm.dll+0x83663e]
V  [jvm.dll+0x836ca3]
V  [jvm.dll+0x247dbf]
V  [jvm.dll+0xac731]
V  [jvm.dll+0xacb7c]
V  [jvm.dll+0x11f278]
V  [jvm.dll+0x6a0816]
V  [jvm.dll+0x21ba5e]
V  [jvm.dll+0x2197a1]
V  [jvm.dll+0x1a534d]
V  [jvm.dll+0x2295cd]
V  [jvm.dll+0x22779c]
V  [jvm.dll+0x7e9d07]
V  [jvm.dll+0x7e410a]
V  [jvm.dll+0x67c315]
C  [ucrtbase.dll+0x29333]
C  [KERNEL32.DLL+0x1257d]
C  [ntdll.dll+0x5aa48]


---------------  P R O C E S S  ---------------

Threads class SMR info:
_java_thread_list=0x00000268753f26f0, length=45, elements={
0x0000026857f0f8c0, 0x000002686bd4f020, 0x000002686bd51c00, 0x000002686bd79f20,
0x000002686bd7cef0, 0x000002686bd7dab0, 0x000002686bd7e670, 0x000002686bd7f610,
0x0000026870f416a0, 0x0000026870f41cb0, 0x0000026857f70120, 0x0000026871216970,
0x000002687162b620, 0x0000026871675030, 0x0000026871dcc5d0, 0x000002687214ac70,
0x00000268721ac230, 0x0000026871e66d70, 0x0000026871e67280, 0x0000026871e64a00,
0x0000026871e65420, 0x0000026871e67790, 0x0000026871e65930, 0x0000026871e644f0,
0x0000026871e66860, 0x0000026871e65e40, 0x0000026871e66350, 0x00000268726f1180,
0x00000268726ed9d0, 0x00000268726f2ad0, 0x00000268726f0c70, 0x00000268726f0250,
0x00000268726eee10, 0x00000268726ef830, 0x00000268726f25c0, 0x00000268726ec080,
0x00000268726f2fe0, 0x00000268726ed4c0, 0x00000268726edee0, 0x00000268726ee3f0,
0x00000268726ee900, 0x00000268726efd40, 0x00000268726f0760, 0x00000268726f1690,
0x00000268726f1ba0
}

Java Threads: ( => current thread )
  0x0000026857f0f8c0 JavaThread "main" [_thread_blocked, id=6068, stack(0x000000ddf6000000,0x000000ddf6100000)]
  0x000002686bd4f020 JavaThread "Reference Handler" daemon [_thread_blocked, id=18852, stack(0x000000ddf6300000,0x000000ddf6400000)]
  0x000002686bd51c00 JavaThread "Finalizer" daemon [_thread_blocked, id=21220, stack(0x000000ddf6400000,0x000000ddf6500000)]
  0x000002686bd79f20 JavaThread "Signal Dispatcher" daemon [_thread_blocked, id=16236, stack(0x000000ddf6500000,0x000000ddf6600000)]
  0x000002686bd7cef0 JavaThread "Attach Listener" daemon [_thread_blocked, id=17368, stack(0x000000ddf6600000,0x000000ddf6700000)]
  0x000002686bd7dab0 JavaThread "Service Thread" daemon [_thread_blocked, id=6916, stack(0x000000ddf6700000,0x000000ddf6800000)]
  0x000002686bd7e670 JavaThread "Monitor Deflation Thread" daemon [_thread_blocked, id=23260, stack(0x000000ddf6800000,0x000000ddf6900000)]
=>0x000002686bd7f610 JavaThread "C2 CompilerThread0" daemon [_thread_in_native, id=3080, stack(0x000000ddf6900000,0x000000ddf6a00000)]
  0x0000026870f416a0 JavaThread "C1 CompilerThread0" daemon [_thread_blocked, id=15556, stack(0x000000ddf6a00000,0x000000ddf6b00000)]
  0x0000026870f41cb0 JavaThread "Sweeper thread" daemon [_thread_blocked, id=17476, stack(0x000000ddf6b00000,0x000000ddf6c00000)]
  0x0000026857f70120 JavaThread "Common-Cleaner" daemon [_thread_blocked, id=21112, stack(0x000000ddf6c00000,0x000000ddf6d00000)]
  0x0000026871216970 JavaThread "Notification Thread" daemon [_thread_blocked, id=14804, stack(0x000000ddf6d00000,0x000000ddf6e00000)]
  0x000002687162b620 JavaThread "Active Thread: Equinox Container: 1258d8e0-5250-41b4-81da-7ce2592eb837" [_thread_blocked, id=21108, stack(0x000000ddf7300000,0x000000ddf7400000)]
  0x0000026871675030 JavaThread "Framework Event Dispatcher: Equinox Container: 1258d8e0-5250-41b4-81da-7ce2592eb837" daemon [_thread_blocked, id=2872, stack(0x000000ddf7400000,0x000000ddf7500000)]
  0x0000026871dcc5d0 JavaThread "Start Level: Equinox Container: 1258d8e0-5250-41b4-81da-7ce2592eb837" daemon [_thread_blocked, id=18044, stack(0x000000ddf7500000,0x000000ddf7600000)]
  0x000002687214ac70 JavaThread "Bundle File Closer" daemon [_thread_blocked, id=508, stack(0x000000ddf7600000,0x000000ddf7700000)]
  0x00000268721ac230 JavaThread "SCR Component Actor" daemon [_thread_blocked, id=10112, stack(0x000000ddf7700000,0x000000ddf7800000)]
  0x0000026871e66d70 JavaThread "Worker-JM" [_thread_blocked, id=9196, stack(0x000000ddf7900000,0x000000ddf7a00000)]
  0x0000026871e67280 JavaThread "Worker-0: Initialize workspace" [_thread_blocked, id=14840, stack(0x000000ddf7a00000,0x000000ddf7b00000)]
  0x0000026871e64a00 JavaThread "Worker-1: Refreshing workspace" [_thread_in_native, id=20016, stack(0x000000ddf7b00000,0x000000ddf7c00000)]
  0x0000026871e65420 JavaThread "Java indexing" daemon [_thread_blocked, id=9944, stack(0x000000ddf7c00000,0x000000ddf7d00000)]
  0x0000026871e67790 JavaThread "Worker-2" [_thread_blocked, id=19260, stack(0x000000ddf7d00000,0x000000ddf7e00000)]
  0x0000026871e65930 JavaThread "JNA Cleaner" daemon [_thread_blocked, id=22100, stack(0x000000ddf7e00000,0x000000ddf7f00000)]
  0x0000026871e644f0 JavaThread "Thread-2" daemon [_thread_in_native, id=14032, stack(0x000000ddf7f00000,0x000000ddf8000000)]
  0x0000026871e66860 JavaThread "Thread-3" daemon [_thread_in_native, id=10040, stack(0x000000ddf8000000,0x000000ddf8100000)]
  0x0000026871e65e40 JavaThread "Thread-4" daemon [_thread_in_native, id=9544, stack(0x000000ddf8100000,0x000000ddf8200000)]
  0x0000026871e66350 JavaThread "Thread-5" daemon [_thread_in_native, id=22092, stack(0x000000ddf8200000,0x000000ddf8300000)]
  0x00000268726f1180 JavaThread "Thread-6" daemon [_thread_in_native, id=12700, stack(0x000000ddf8300000,0x000000ddf8400000)]
  0x00000268726ed9d0 JavaThread "pool-2-thread-1" [_thread_blocked, id=2480, stack(0x000000ddf8400000,0x000000ddf8500000)]
  0x00000268726f2ad0 JavaThread "WorkspaceEventsHandler" [_thread_blocked, id=4236, stack(0x000000ddf8500000,0x000000ddf8600000)]
  0x00000268726f0c70 JavaThread "pool-1-thread-1" [_thread_blocked, id=12340, stack(0x000000ddf8600000,0x000000ddf8700000)]
  0x00000268726f0250 JavaThread "Timer-0" [_thread_blocked, id=23248, stack(0x000000ddf7800000,0x000000ddf7900000)]
  0x00000268726eee10 JavaThread "Exec process" [_thread_blocked, id=22180, stack(0x000000ddf7200000,0x000000ddf7300000)]
  0x00000268726ef830 JavaThread "Exec process Thread 2" [_thread_blocked, id=4656, stack(0x000000ddf8800000,0x000000ddf8900000)]
  0x00000268726f25c0 JavaThread "Exec process Thread 3" [_thread_blocked, id=17652, stack(0x000000ddf8900000,0x000000ddf8a00000)]
  0x00000268726ec080 JavaThread "Timer-1" [_thread_blocked, id=21676, stack(0x000000ddf8700000,0x000000ddf8800000)]
  0x00000268726f2fe0 JavaThread "Timer-2" [_thread_blocked, id=10092, stack(0x000000ddf8a00000,0x000000ddf8b00000)]
  0x00000268726ed4c0 JavaThread "Timer-3" [_thread_blocked, id=13932, stack(0x000000ddf8c00000,0x000000ddf8d00000)]
  0x00000268726edee0 JavaThread "Timer-4" [_thread_blocked, id=13276, stack(0x000000ddf8b00000,0x000000ddf8c00000)]
  0x00000268726ee3f0 JavaThread "Timer-5" [_thread_blocked, id=22992, stack(0x000000ddf8d00000,0x000000ddf8e00000)]
  0x00000268726ee900 JavaThread "Worker-3" [_thread_blocked, id=22308, stack(0x000000ddf8e00000,0x000000ddf8f00000)]
  0x00000268726efd40 JavaThread "ForkJoinPool.commonPool-worker-1" daemon [_thread_blocked, id=6672, stack(0x000000ddf8f00000,0x000000ddf9000000)]
  0x00000268726f0760 JavaThread "Worker-4" [_thread_blocked, id=23484, stack(0x000000ddf9000000,0x000000ddf9100000)]
  0x00000268726f1690 JavaThread "ForkJoinPool.commonPool-worker-2" daemon [_thread_blocked, id=21548, stack(0x000000ddf9100000,0x000000ddf9200000)]
  0x00000268726f1ba0 JavaThread "ForkJoinPool.commonPool-worker-3" daemon [_thread_blocked, id=21812, stack(0x000000ddf9200000,0x000000ddf9300000)]

Other Threads:
  0x000002686bd37a10 VMThread "VM Thread" [stack: 0x000000ddf6200000,0x000000ddf6300000] [id=22384]
  0x0000026871217290 WatcherThread [stack: 0x000000ddf6e00000,0x000000ddf6f00000] [id=22732]
  0x0000026857f23e40 GCTaskThread "GC Thread#0" [stack: 0x000000ddf6100000,0x000000ddf6200000] [id=6684]
  0x00000268714639d0 GCTaskThread "GC Thread#1" [stack: 0x000000ddf6f00000,0x000000ddf7000000] [id=2332]
  0x00000268715897e0 GCTaskThread "GC Thread#2" [stack: 0x000000ddf7000000,0x000000ddf7100000] [id=2184]
  0x000002687118eee0 GCTaskThread "GC Thread#3" [stack: 0x000000ddf7100000,0x000000ddf7200000] [id=10140]

Threads with active compile tasks:
C2 CompilerThread0    31389 7474   !   4       org.eclipse.core.internal.localstore.UnifiedTree::addChildren (453 bytes)

VM state: not at safepoint (normal execution)

VM Mutex/Monitor currently owned by a thread: None

Heap address: 0x00000000c0000000, size: 1024 MB, Compressed Oops mode: 32-bit

CDS archive(s) not mapped
Compressed class space mapped at: 0x0000000100000000-0x0000000140000000, reserved size: 1073741824
Narrow klass base: 0x0000000000000000, Narrow klass shift: 3, Narrow klass range: 0x140000000

GC Precious Log:
 CPUs: 4 total, 4 available
 Memory: 7834M
 Large Page Support: Disabled
 NUMA Support: Disabled
 Compressed Oops: Enabled (32-bit)
 Alignments: Space 512K, Generation 512K, Heap 2M
 Heap Min Capacity: 100M
 Heap Initial Capacity: 100M
 Heap Max Capacity: 1G
 Pre-touch: Disabled
 Parallel Workers: 4

Heap:
 PSYoungGen      total 15872K, used 10085K [0x00000000eab00000, 0x00000000ebf00000, 0x0000000100000000)
  eden space 15360K, 62% used [0x00000000eab00000,0x00000000eb45b530,0x00000000eba00000)
  from space 512K, 98% used [0x00000000ebe00000,0x00000000ebe7dfc8,0x00000000ebe80000)
  to   space 512K, 0% used [0x00000000ebe80000,0x00000000ebe80000,0x00000000ebf00000)
 ParOldGen       total 68608K, used 40355K [0x00000000c0000000, 0x00000000c4300000, 0x00000000eab00000)
  object space 68608K, 58% used [0x00000000c0000000,0x00000000c2768fa0,0x00000000c4300000)
 Metaspace       used 67472K, committed 68608K, reserved 1114112K
  class space    used 8192K, committed 8704K, reserved 1048576K

Card table byte_map: [0x00000268578a0000,0x0000026857ab0000] _byte_map_base: 0x00000268572a0000

Marking Bits: (ParMarkBitMap*) 0x00007fff02cdd820
 Begin Bits: [0x0000026869ba0000, 0x000002686aba0000)
 End Bits:   [0x000002686aba0000, 0x000002686bba0000)

Polling page: 0x0000026855e80000

Metaspace:

Usage:
  Non-class:     57.89 MB used.
      Class:      8.00 MB used.
       Both:     65.89 MB used.

Virtual space:
  Non-class space:       64.00 MB reserved,      58.50 MB ( 91%) committed,  1 nodes.
      Class space:        1.00 GB reserved,       8.50 MB ( <1%) committed,  1 nodes.
             Both:        1.06 GB reserved,      67.00 MB (  6%) committed. 

Chunk freelists:
   Non-Class:  4.86 MB
       Class:  7.31 MB
        Both:  12.17 MB

MaxMetaspaceSize: unlimited
CompressedClassSpaceSize: 1.00 GB
Initial GC threshold: 21.00 MB
Current GC threshold: 97.31 MB
CDS: off
MetaspaceReclaimPolicy: balanced
 - commit_granule_bytes: 65536.
 - commit_granule_words: 8192.
 - virtual_space_node_default_size: 8388608.
 - enlarge_chunks_in_place: 1.
 - new_chunks_are_fully_committed: 0.
 - uncommit_free_chunks: 1.
 - use_allocation_guard: 0.
 - handle_deallocations: 1.


Internal statistics:

num_allocs_failed_limit: 9.
num_arena_births: 688.
num_arena_deaths: 34.
num_vsnodes_births: 2.
num_vsnodes_deaths: 0.
num_space_committed: 1072.
num_space_uncommitted: 0.
num_chunks_returned_to_freelist: 48.
num_chunks_taken_from_freelist: 3232.
num_chunk_merges: 11.
num_chunk_splits: 2131.
num_chunks_enlarged: 1437.
num_inconsistent_stats: 0.

CodeHeap 'non-profiled nmethods': size=120000Kb used=4234Kb max_used=4706Kb free=115765Kb
 bounds [0x0000026862670000, 0x0000026862b10000, 0x0000026869ba0000]
CodeHeap 'profiled nmethods': size=120000Kb used=11783Kb max_used=13525Kb free=108216Kb
 bounds [0x000002685aba0000, 0x000002685b8e0000, 0x00000268620d0000]
CodeHeap 'non-nmethods': size=5760Kb used=1324Kb max_used=1355Kb free=4435Kb
 bounds [0x00000268620d0000, 0x0000026862340000, 0x0000026862670000]
 total_blobs=6735 nmethods=6081 adapters=567
 compilation: enabled
              stopped_count=0, restarted_count=0
 full_count=0

Compilation events (20 events):
Event: 31.212 Thread 0x0000026870f416a0 7466       3       com.google.gson.stream.JsonWriter::endObject (9 bytes)
Event: 31.212 Thread 0x0000026870f416a0 nmethod 7466 0x000002685af5dd90 code [0x000002685af5df20, 0x000002685af5e068]
Event: 31.212 Thread 0x0000026870f416a0 7467       3       org.eclipse.core.internal.resources.Resource::isConflicting (149 bytes)
Event: 31.212 Thread 0x000002686bd7f610 nmethod 7464 0x0000026862822f10 code [0x00000268628230c0, 0x00000268628232d0]
Event: 31.213 Thread 0x0000026870f416a0 nmethod 7467 0x000002685b301090 code [0x000002685b301320, 0x000002685b3023c8]
Event: 31.217 Thread 0x0000026870f416a0 7468       3       java.lang.invoke.LambdaForm::editor (5 bytes)
Event: 31.217 Thread 0x0000026870f416a0 nmethod 7468 0x000002685af03290 code [0x000002685af03440, 0x000002685af03728]
Event: 31.217 Thread 0x0000026870f416a0 7469       3       java.lang.invoke.LambdaFormEditor::lambdaFormEditor (12 bytes)
Event: 31.217 Thread 0x0000026870f416a0 nmethod 7469 0x000002685aec1010 code [0x000002685aec11c0, 0x000002685aec1428]
Event: 31.217 Thread 0x0000026870f416a0 7470       3       java.lang.invoke.LambdaFormEditor::<init> (10 bytes)
Event: 31.217 Thread 0x0000026870f416a0 nmethod 7470 0x000002685adda190 code [0x000002685adda320, 0x000002685adda498]
Event: 31.219 Thread 0x0000026870f416a0 7471       1       org.eclipse.core.runtime.Status::getException (5 bytes)
Event: 31.219 Thread 0x0000026870f416a0 nmethod 7471 0x000002686282d510 code [0x000002686282d6a0, 0x000002686282d778]
Event: 31.223 Thread 0x0000026870f416a0 7472   !   3       org.eclipse.core.internal.jobs.JobManager::changeState (511 bytes)
Event: 31.226 Thread 0x0000026870f416a0 nmethod 7472 0x000002685ad6e610 code [0x000002685ad6ea80, 0x000002685ad70af8]
Event: 31.240 Thread 0x0000026870f416a0 7473       3       org.eclipse.osgi.internal.framework.EquinoxBundle::checkValid (42 bytes)
Event: 31.240 Thread 0x000002686bd7f610 7474   !   4       org.eclipse.core.internal.localstore.UnifiedTree::addChildren (453 bytes)
Event: 31.241 Thread 0x0000026870f416a0 nmethod 7473 0x000002685b72ad90 code [0x000002685b72afe0, 0x000002685b72b7f8]
Event: 31.248 Thread 0x0000026870f416a0 7476       3       org.eclipse.core.internal.dtree.AbstractDataTreeNode::assembleWith (502 bytes)
Event: 31.250 Thread 0x0000026870f416a0 nmethod 7476 0x000002685af9b890 code [0x000002685af9bbe0, 0x000002685af9de98]

GC Heap History (20 events):
Event: 27.263 GC heap before
{Heap before GC invocations=43 (full 3):
 PSYoungGen      total 16384K, used 16136K [0x00000000eab00000, 0x00000000ec000000, 0x0000000100000000)
  eden space 15360K, 100% used [0x00000000eab00000,0x00000000eba00000,0x00000000eba00000)
  from space 1024K, 75% used [0x00000000ebe00000,0x00000000ebec23f8,0x00000000ebf00000)
  to   space 1024K, 0% used [0x00000000ebf00000,0x00000000ebf00000,0x00000000ec000000)
 ParOldGen       total 68608K, used 38529K [0x00000000c0000000, 0x00000000c4300000, 0x00000000eab00000)
  object space 68608K, 56% used [0x00000000c0000000,0x00000000c25a0560,0x00000000c4300000)
 Metaspace       used 64710K, committed 65728K, reserved 1114112K
  class space    used 7823K, committed 8256K, reserved 1048576K
}
Event: 27.264 GC heap after
{Heap after GC invocations=43 (full 3):
 PSYoungGen      total 15872K, used 192K [0x00000000eab00000, 0x00000000ebf80000, 0x0000000100000000)
  eden space 15360K, 0% used [0x00000000eab00000,0x00000000eab00000,0x00000000eba00000)
  from space 512K, 37% used [0x00000000ebf00000,0x00000000ebf30000,0x00000000ebf80000)
  to   space 512K, 0% used [0x00000000ebe80000,0x00000000ebe80000,0x00000000ebf00000)
 ParOldGen       total 68608K, used 38569K [0x00000000c0000000, 0x00000000c4300000, 0x00000000eab00000)
  object space 68608K, 56% used [0x00000000c0000000,0x00000000c25aa570,0x00000000c4300000)
 Metaspace       used 64710K, committed 65728K, reserved 1114112K
  class space    used 7823K, committed 8256K, reserved 1048576K
}
Event: 27.362 GC heap before
{Heap before GC invocations=44 (full 3):
 PSYoungGen      total 15872K, used 15552K [0x00000000eab00000, 0x00000000ebf80000, 0x0000000100000000)
  eden space 15360K, 100% used [0x00000000eab00000,0x00000000eba00000,0x00000000eba00000)
  from space 512K, 37% used [0x00000000ebf00000,0x00000000ebf30000,0x00000000ebf80000)
  to   space 512K, 0% used [0x00000000ebe80000,0x00000000ebe80000,0x00000000ebf00000)
 ParOldGen       total 68608K, used 38569K [0x00000000c0000000, 0x00000000c4300000, 0x00000000eab00000)
  object space 68608K, 56% used [0x00000000c0000000,0x00000000c25aa570,0x00000000c4300000)
 Metaspace       used 64723K, committed 65792K, reserved 1114112K
  class space    used 7826K, committed 8320K, reserved 1048576K
}
Event: 27.362 GC heap after
{Heap after GC invocations=44 (full 3):
 PSYoungGen      total 15872K, used 487K [0x00000000eab00000, 0x00000000ebf80000, 0x0000000100000000)
  eden space 15360K, 0% used [0x00000000eab00000,0x00000000eab00000,0x00000000eba00000)
  from space 512K, 95% used [0x00000000ebe80000,0x00000000ebef9c40,0x00000000ebf00000)
  to   space 512K, 0% used [0x00000000ebf00000,0x00000000ebf00000,0x00000000ebf80000)
 ParOldGen       total 68608K, used 38672K [0x00000000c0000000, 0x00000000c4300000, 0x00000000eab00000)
  object space 68608K, 56% used [0x00000000c0000000,0x00000000c25c42e0,0x00000000c4300000)
 Metaspace       used 64723K, committed 65792K, reserved 1114112K
  class space    used 7826K, committed 8320K, reserved 1048576K
}
Event: 27.480 GC heap before
{Heap before GC invocations=45 (full 3):
 PSYoungGen      total 15872K, used 15847K [0x00000000eab00000, 0x00000000ebf80000, 0x0000000100000000)
  eden space 15360K, 100% used [0x00000000eab00000,0x00000000eba00000,0x00000000eba00000)
  from space 512K, 95% used [0x00000000ebe80000,0x00000000ebef9c40,0x00000000ebf00000)
  to   space 512K, 0% used [0x00000000ebf00000,0x00000000ebf00000,0x00000000ebf80000)
 ParOldGen       total 68608K, used 38672K [0x00000000c0000000, 0x00000000c4300000, 0x00000000eab00000)
  object space 68608K, 56% used [0x00000000c0000000,0x00000000c25c42e0,0x00000000c4300000)
 Metaspace       used 64723K, committed 65792K, reserved 1114112K
  class space    used 7826K, committed 8320K, reserved 1048576K
}
Event: 27.480 GC heap after
{Heap after GC invocations=45 (full 3):
 PSYoungGen      total 15872K, used 504K [0x00000000eab00000, 0x00000000ebf80000, 0x0000000100000000)
  eden space 15360K, 0% used [0x00000000eab00000,0x00000000eab00000,0x00000000eba00000)
  from space 512K, 98% used [0x00000000ebf00000,0x00000000ebf7e388,0x00000000ebf80000)
  to   space 1024K, 0% used [0x00000000ebd80000,0x00000000ebd80000,0x00000000ebe80000)
 ParOldGen       total 68608K, used 39067K [0x00000000c0000000, 0x00000000c4300000, 0x00000000eab00000)
  object space 68608K, 56% used [0x00000000c0000000,0x00000000c2626f00,0x00000000c4300000)
 Metaspace       used 64723K, committed 65792K, reserved 1114112K
  class space    used 7826K, committed 8320K, reserved 1048576K
}
Event: 27.609 GC heap before
{Heap before GC invocations=46 (full 3):
 PSYoungGen      total 15872K, used 15864K [0x00000000eab00000, 0x00000000ebf80000, 0x0000000100000000)
  eden space 15360K, 100% used [0x00000000eab00000,0x00000000eba00000,0x00000000eba00000)
  from space 512K, 98% used [0x00000000ebf00000,0x00000000ebf7e388,0x00000000ebf80000)
  to   space 1024K, 0% used [0x00000000ebd80000,0x00000000ebd80000,0x00000000ebe80000)
 ParOldGen       total 68608K, used 39067K [0x00000000c0000000, 0x00000000c4300000, 0x00000000eab00000)
  object space 68608K, 56% used [0x00000000c0000000,0x00000000c2626f00,0x00000000c4300000)
 Metaspace       used 64725K, committed 65792K, reserved 1114112K
  class space    used 7826K, committed 8320K, reserved 1048576K
}
Event: 27.610 GC heap after
{Heap after GC invocations=46 (full 3):
 PSYoungGen      total 16384K, used 544K [0x00000000eab00000, 0x00000000ebf80000, 0x0000000100000000)
  eden space 15360K, 0% used [0x00000000eab00000,0x00000000eab00000,0x00000000eba00000)
  from space 1024K, 53% used [0x00000000ebd80000,0x00000000ebe082f8,0x00000000ebe80000)
  to   space 1024K, 0% used [0x00000000ebe80000,0x00000000ebe80000,0x00000000ebf80000)
 ParOldGen       total 68608K, used 39107K [0x00000000c0000000, 0x00000000c4300000, 0x00000000eab00000)
  object space 68608K, 57% used [0x00000000c0000000,0x00000000c2630f10,0x00000000c4300000)
 Metaspace       used 64725K, committed 65792K, reserved 1114112K
  class space    used 7826K, committed 8320K, reserved 1048576K
}
Event: 27.738 GC heap before
{Heap before GC invocations=47 (full 3):
 PSYoungGen      total 16384K, used 15904K [0x00000000eab00000, 0x00000000ebf80000, 0x0000000100000000)
  eden space 15360K, 100% used [0x00000000eab00000,0x00000000eba00000,0x00000000eba00000)
  from space 1024K, 53% used [0x00000000ebd80000,0x00000000ebe082f8,0x00000000ebe80000)
  to   space 1024K, 0% used [0x00000000ebe80000,0x00000000ebe80000,0x00000000ebf80000)
 ParOldGen       total 68608K, used 39108K [0x00000000c0000000, 0x00000000c4300000, 0x00000000eab00000)
  object space 68608K, 57% used [0x00000000c0000000,0x00000000c2631040,0x00000000c4300000)
 Metaspace       used 64725K, committed 65792K, reserved 1114112K
  class space    used 7826K, committed 8320K, reserved 1048576K
}
Event: 27.738 GC heap after
{Heap after GC invocations=47 (full 3):
 PSYoungGen      total 15872K, used 144K [0x00000000eab00000, 0x00000000ebf00000, 0x0000000100000000)
  eden space 15360K, 0% used [0x00000000eab00000,0x00000000eab00000,0x00000000eba00000)
  from space 512K, 28% used [0x00000000ebe80000,0x00000000ebea43c8,0x00000000ebf00000)
  to   space 512K, 0% used [0x00000000ebe00000,0x00000000ebe00000,0x00000000ebe80000)
 ParOldGen       total 68608K, used 39203K [0x00000000c0000000, 0x00000000c4300000, 0x00000000eab00000)
  object space 68608K, 57% used [0x00000000c0000000,0x00000000c2648db0,0x00000000c4300000)
 Metaspace       used 64725K, committed 65792K, reserved 1114112K
  class space    used 7826K, committed 8320K, reserved 1048576K
}
Event: 27.942 GC heap before
{Heap before GC invocations=48 (full 3):
 PSYoungGen      total 15872K, used 15504K [0x00000000eab00000, 0x00000000ebf00000, 0x0000000100000000)
  eden space 15360K, 100% used [0x00000000eab00000,0x00000000eba00000,0x00000000eba00000)
  from space 512K, 28% used [0x00000000ebe80000,0x00000000ebea43c8,0x00000000ebf00000)
  to   space 512K, 0% used [0x00000000ebe00000,0x00000000ebe00000,0x00000000ebe80000)
 ParOldGen       total 68608K, used 39217K [0x00000000c0000000, 0x00000000c4300000, 0x00000000eab00000)
  object space 68608K, 57% used [0x00000000c0000000,0x00000000c264c488,0x00000000c4300000)
 Metaspace       used 64725K, committed 65792K, reserved 1114112K
  class space    used 7826K, committed 8320K, reserved 1048576K
}
Event: 27.943 GC heap after
{Heap after GC invocations=48 (full 3):
 PSYoungGen      total 15872K, used 497K [0x00000000eab00000, 0x00000000ebf00000, 0x0000000100000000)
  eden space 15360K, 0% used [0x00000000eab00000,0x00000000eab00000,0x00000000eba00000)
  from space 512K, 97% used [0x00000000ebe00000,0x00000000ebe7c4c0,0x00000000ebe80000)
  to   space 512K, 0% used [0x00000000ebe80000,0x00000000ebe80000,0x00000000ebf00000)
 ParOldGen       total 68608K, used 39389K [0x00000000c0000000, 0x00000000c4300000, 0x00000000eab00000)
  object space 68608K, 57% used [0x00000000c0000000,0x00000000c26774b8,0x00000000c4300000)
 Metaspace       used 64725K, committed 65792K, reserved 1114112K
  class space    used 7826K, committed 8320K, reserved 1048576K
}
Event: 28.051 GC heap before
{Heap before GC invocations=49 (full 3):
 PSYoungGen      total 15872K, used 15857K [0x00000000eab00000, 0x00000000ebf00000, 0x0000000100000000)
  eden space 15360K, 100% used [0x00000000eab00000,0x00000000eba00000,0x00000000eba00000)
  from space 512K, 97% used [0x00000000ebe00000,0x00000000ebe7c4c0,0x00000000ebe80000)
  to   space 512K, 0% used [0x00000000ebe80000,0x00000000ebe80000,0x00000000ebf00000)
 ParOldGen       total 68608K, used 39389K [0x00000000c0000000, 0x00000000c4300000, 0x00000000eab00000)
  object space 68608K, 57% used [0x00000000c0000000,0x00000000c26774b8,0x00000000c4300000)
 Metaspace       used 64725K, committed 65792K, reserved 1114112K
  class space    used 7826K, committed 8320K, reserved 1048576K
}
Event: 28.051 GC heap after
{Heap after GC invocations=49 (full 3):
 PSYoungGen      total 15872K, used 494K [0x00000000eab00000, 0x00000000ebf00000, 0x0000000100000000)
  eden space 15360K, 0% used [0x00000000eab00000,0x00000000eab00000,0x00000000eba00000)
  from space 512K, 96% used [0x00000000ebe80000,0x00000000ebefba78,0x00000000ebf00000)
  to   space 1024K, 0% used [0x00000000ebd00000,0x00000000ebd00000,0x00000000ebe00000)
 ParOldGen       total 68608K, used 39842K [0x00000000c0000000, 0x00000000c4300000, 0x00000000eab00000)
  object space 68608K, 58% used [0x00000000c0000000,0x00000000c26e8a88,0x00000000c4300000)
 Metaspace       used 64725K, committed 65792K, reserved 1114112K
  class space    used 7826K, committed 8320K, reserved 1048576K
}
Event: 28.226 GC heap before
{Heap before GC invocations=50 (full 3):
 PSYoungGen      total 15872K, used 15854K [0x00000000eab00000, 0x00000000ebf00000, 0x0000000100000000)
  eden space 15360K, 100% used [0x00000000eab00000,0x00000000eba00000,0x00000000eba00000)
  from space 512K, 96% used [0x00000000ebe80000,0x00000000ebefba78,0x00000000ebf00000)
  to   space 1024K, 0% used [0x00000000ebd00000,0x00000000ebd00000,0x00000000ebe00000)
 ParOldGen       total 68608K, used 39842K [0x00000000c0000000, 0x00000000c4300000, 0x00000000eab00000)
  object space 68608K, 58% used [0x00000000c0000000,0x00000000c26e8a88,0x00000000c4300000)
 Metaspace       used 65027K, committed 66112K, reserved 1114112K
  class space    used 7884K, committed 8384K, reserved 1048576K
}
Event: 28.227 GC heap after
{Heap after GC invocations=50 (full 3):
 PSYoungGen      total 16384K, used 160K [0x00000000eab00000, 0x00000000ebf00000, 0x0000000100000000)
  eden space 15360K, 0% used [0x00000000eab00000,0x00000000eab00000,0x00000000eba00000)
  from space 1024K, 15% used [0x00000000ebd00000,0x00000000ebd28000,0x00000000ebe00000)
  to   space 512K, 0% used [0x00000000ebe80000,0x00000000ebe80000,0x00000000ebf00000)
 ParOldGen       total 68608K, used 39866K [0x00000000c0000000, 0x00000000c4300000, 0x00000000eab00000)
  object space 68608K, 58% used [0x00000000c0000000,0x00000000c26eea88,0x00000000c4300000)
 Metaspace       used 65027K, committed 66112K, reserved 1114112K
  class space    used 7884K, committed 8384K, reserved 1048576K
}
Event: 29.450 GC heap before
{Heap before GC invocations=51 (full 3):
 PSYoungGen      total 16384K, used 15520K [0x00000000eab00000, 0x00000000ebf00000, 0x0000000100000000)
  eden space 15360K, 100% used [0x00000000eab00000,0x00000000eba00000,0x00000000eba00000)
  from space 1024K, 15% used [0x00000000ebd00000,0x00000000ebd28000,0x00000000ebe00000)
  to   space 512K, 0% used [0x00000000ebe80000,0x00000000ebe80000,0x00000000ebf00000)
 ParOldGen       total 68608K, used 39866K [0x00000000c0000000, 0x00000000c4300000, 0x00000000eab00000)
  object space 68608K, 58% used [0x00000000c0000000,0x00000000c26eea88,0x00000000c4300000)
 Metaspace       used 65902K, committed 67008K, reserved 1114112K
  class space    used 8005K, committed 8512K, reserved 1048576K
}
Event: 29.452 GC heap after
{Heap after GC invocations=51 (full 3):
 PSYoungGen      total 15872K, used 384K [0x00000000eab00000, 0x00000000ebf00000, 0x0000000100000000)
  eden space 15360K, 0% used [0x00000000eab00000,0x00000000eab00000,0x00000000eba00000)
  from space 512K, 75% used [0x00000000ebe80000,0x00000000ebee0000,0x00000000ebf00000)
  to   space 512K, 0% used [0x00000000ebe00000,0x00000000ebe00000,0x00000000ebe80000)
 ParOldGen       total 68608K, used 39970K [0x00000000c0000000, 0x00000000c4300000, 0x00000000eab00000)
  object space 68608K, 58% used [0x00000000c0000000,0x00000000c2708a88,0x00000000c4300000)
 Metaspace       used 65902K, committed 67008K, reserved 1114112K
  class space    used 8005K, committed 8512K, reserved 1048576K
}
Event: 30.296 GC heap before
{Heap before GC invocations=52 (full 3):
 PSYoungGen      total 15872K, used 15744K [0x00000000eab00000, 0x00000000ebf00000, 0x0000000100000000)
  eden space 15360K, 100% used [0x00000000eab00000,0x00000000eba00000,0x00000000eba00000)
  from space 512K, 75% used [0x00000000ebe80000,0x00000000ebee0000,0x00000000ebf00000)
  to   space 512K, 0% used [0x00000000ebe00000,0x00000000ebe00000,0x00000000ebe80000)
 ParOldGen       total 68608K, used 39970K [0x00000000c0000000, 0x00000000c4300000, 0x00000000eab00000)
  object space 68608K, 58% used [0x00000000c0000000,0x00000000c2708a88,0x00000000c4300000)
 Metaspace       used 66712K, committed 67840K, reserved 1114112K
  class space    used 8095K, committed 8576K, reserved 1048576K
}
Event: 30.298 GC heap after
{Heap after GC invocations=52 (full 3):
 PSYoungGen      total 15872K, used 503K [0x00000000eab00000, 0x00000000ebf00000, 0x0000000100000000)
  eden space 15360K, 0% used [0x00000000eab00000,0x00000000eab00000,0x00000000eba00000)
  from space 512K, 98% used [0x00000000ebe00000,0x00000000ebe7dfc8,0x00000000ebe80000)
  to   space 512K, 0% used [0x00000000ebe80000,0x00000000ebe80000,0x00000000ebf00000)
 ParOldGen       total 68608K, used 40355K [0x00000000c0000000, 0x00000000c4300000, 0x00000000eab00000)
  object space 68608K, 58% used [0x00000000c0000000,0x00000000c2768fa0,0x00000000c4300000)
 Metaspace       used 66712K, committed 67840K, reserved 1114112K
  class space    used 8095K, committed 8576K, reserved 1048576K
}

Dll operation events (14 events):
Event: 0.011 Loaded shared library c:\Users\user\.vscode\extensions\redhat.java-1.31.0-win32-x64\jre\17.0.11-win32-x86_64\bin\java.dll
Event: 0.214 Loaded shared library c:\Users\user\.vscode\extensions\redhat.java-1.31.0-win32-x64\jre\17.0.11-win32-x86_64\bin\zip.dll
Event: 0.224 Loaded shared library C:\Users\user\.vscode\extensions\redhat.java-1.31.0-win32-x64\jre\17.0.11-win32-x86_64\bin\instrument.dll
Event: 0.250 Loaded shared library C:\Users\user\.vscode\extensions\redhat.java-1.31.0-win32-x64\jre\17.0.11-win32-x86_64\bin\net.dll
Event: 0.252 Loaded shared library C:\Users\user\.vscode\extensions\redhat.java-1.31.0-win32-x64\jre\17.0.11-win32-x86_64\bin\nio.dll
Event: 0.284 Loaded shared library C:\Users\user\.vscode\extensions\redhat.java-1.31.0-win32-x64\jre\17.0.11-win32-x86_64\bin\zip.dll
Event: 0.304 Loaded shared library C:\Users\user\.vscode\extensions\redhat.java-1.31.0-win32-x64\jre\17.0.11-win32-x86_64\bin\jimage.dll
Event: 0.430 Loaded shared library c:\Users\user\.vscode\extensions\redhat.java-1.31.0-win32-x64\jre\17.0.11-win32-x86_64\bin\verify.dll
Event: 2.102 Loaded shared library C:\Users\user\AppData\Roaming\Code\User\globalStorage\redhat.java\1.31.0\config_win\org.eclipse.equinox.launcher\org.eclipse.equinox.launcher.win32.win32.x86_64_1.2.1000.v20240507-1834\eclipse_11902.dll
Event: 5.934 Loaded shared library C:\Users\user\AppData\Local\Temp\jna-2044671\jna14790939754987300570.dll
Event: 13.479 Loaded shared library C:\Users\user\.gradle\native\c067742578af261105cb4f569cf0c3c89f3d7b1fecec35dd04571415982c5e48\windows-amd64\native-platform.dll
Event: 14.384 Loaded shared library C:\Users\user\.vscode\extensions\redhat.java-1.31.0-win32-x64\jre\17.0.11-win32-x86_64\bin\management.dll
Event: 14.390 Loaded shared library C:\Users\user\.vscode\extensions\redhat.java-1.31.0-win32-x64\jre\17.0.11-win32-x86_64\bin\management_ext.dll
Event: 28.339 Loaded shared library C:\Users\user\.vscode\extensions\redhat.java-1.31.0-win32-x64\jre\17.0.11-win32-x86_64\bin\extnet.dll

Deoptimization events (20 events):
Event: 30.639 Thread 0x00000268726efd40 Uncommon trap: trap_request=0xffffff45 fr.pc=0x000002686294bb54 relative=0x00000000000001b4
Event: 30.639 Thread 0x00000268726efd40 Uncommon trap: reason=unstable_if action=reinterpret pc=0x000002686294bb54 method=java.net.URI.quote(Ljava/lang/String;JJ)Ljava/lang/String; @ 56 c2
Event: 30.639 Thread 0x00000268726efd40 DEOPT PACKING pc=0x000002686294bb54 sp=0x000000ddf8ffdac0
Event: 30.639 Thread 0x00000268726efd40 DEOPT UNPACKING pc=0x0000026862129ea3 sp=0x000000ddf8ffda40 mode 2
Event: 30.639 Thread 0x00000268726efd40 Uncommon trap: trap_request=0xffffff45 fr.pc=0x00000268629c8204 relative=0x0000000000000924
Event: 30.639 Thread 0x00000268726efd40 Uncommon trap: reason=unstable_if action=reinterpret pc=0x00000268629c8204 method=org.eclipse.core.runtime.Path.append(Ljava/lang/String;)Lorg/eclipse/core/runtime/IPath; @ 7 c2
Event: 30.639 Thread 0x00000268726efd40 DEOPT PACKING pc=0x00000268629c8204 sp=0x000000ddf8ffe860
Event: 30.639 Thread 0x00000268726efd40 DEOPT UNPACKING pc=0x0000026862129ea3 sp=0x000000ddf8ffe828 mode 2
Event: 30.791 Thread 0x00000268726efd40 Uncommon trap: trap_request=0xffffffc6 fr.pc=0x00000268627c3200 relative=0x00000000000001e0
Event: 30.791 Thread 0x00000268726efd40 Uncommon trap: reason=bimorphic_or_optimized_type_check action=maybe_recompile pc=0x00000268627c3200 method=java.util.Collections.eq(Ljava/lang/Object;Ljava/lang/Object;)Z @ 18 c2
Event: 30.791 Thread 0x00000268726efd40 DEOPT PACKING pc=0x00000268627c3200 sp=0x000000ddf8ffe2f0
Event: 30.791 Thread 0x00000268726efd40 DEOPT UNPACKING pc=0x0000026862129ea3 sp=0x000000ddf8ffe230 mode 2
Event: 30.792 Thread 0x00000268726efd40 Uncommon trap: trap_request=0xffffffc6 fr.pc=0x00000268627c3200 relative=0x00000000000001e0
Event: 30.792 Thread 0x00000268726efd40 Uncommon trap: reason=bimorphic_or_optimized_type_check action=maybe_recompile pc=0x00000268627c3200 method=java.util.Collections.eq(Ljava/lang/Object;Ljava/lang/Object;)Z @ 18 c2
Event: 30.792 Thread 0x00000268726efd40 DEOPT PACKING pc=0x00000268627c3200 sp=0x000000ddf8ffe450
Event: 30.792 Thread 0x00000268726efd40 DEOPT UNPACKING pc=0x0000026862129ea3 sp=0x000000ddf8ffe390 mode 2
Event: 31.245 Thread 0x0000026871e64a00 Uncommon trap: trap_request=0xffffff45 fr.pc=0x00000268629ce9e8 relative=0x0000000000001d48
Event: 31.245 Thread 0x0000026871e64a00 Uncommon trap: reason=unstable_if action=reinterpret pc=0x00000268629ce9e8 method=org.eclipse.core.internal.dtree.AbstractDataTreeNode.assembleWith([Lorg/eclipse/core/internal/dtree/AbstractDataTreeNode;[Lorg/eclipse/core/internal/dtree/AbstractDataTreeNo
Event: 31.245 Thread 0x0000026871e64a00 DEOPT PACKING pc=0x00000268629ce9e8 sp=0x000000ddf7bfe9f0
Event: 31.245 Thread 0x0000026871e64a00 DEOPT UNPACKING pc=0x0000026862129ea3 sp=0x000000ddf7bfe9a0 mode 2

Classes unloaded (17 events):
Event: 5.720 Thread 0x000002686bd37a10 Unloading class 0x0000000100396400 'java/lang/invoke/LambdaForm$MH+0x0000000100396400'
Event: 5.720 Thread 0x000002686bd37a10 Unloading class 0x0000000100395400 'java/lang/invoke/LambdaForm$MH+0x0000000100395400'
Event: 5.720 Thread 0x000002686bd37a10 Unloading class 0x0000000100394800 'java/lang/invoke/LambdaForm$DMH+0x0000000100394800'
Event: 5.720 Thread 0x000002686bd37a10 Unloading class 0x000000010038ec00 'java/lang/invoke/LambdaForm$MH+0x000000010038ec00'
Event: 5.720 Thread 0x000002686bd37a10 Unloading class 0x000000010038e400 'java/lang/invoke/LambdaForm$MH+0x000000010038e400'
Event: 5.720 Thread 0x000002686bd37a10 Unloading class 0x000000010038dc00 'java/lang/invoke/LambdaForm$MH+0x000000010038dc00'
Event: 5.720 Thread 0x000002686bd37a10 Unloading class 0x000000010038d000 'java/lang/invoke/LambdaForm$MH+0x000000010038d000'
Event: 5.720 Thread 0x000002686bd37a10 Unloading class 0x000000010038c800 'java/lang/invoke/LambdaForm$MH+0x000000010038c800'
Event: 5.720 Thread 0x000002686bd37a10 Unloading class 0x000000010038c400 'java/lang/invoke/LambdaForm$MH+0x000000010038c400'
Event: 5.721 Thread 0x000002686bd37a10 Unloading class 0x000000010038ac00 'java/lang/invoke/LambdaForm$DMH+0x000000010038ac00'
Event: 5.721 Thread 0x000002686bd37a10 Unloading class 0x0000000100250400 'java/lang/invoke/LambdaForm$MH+0x0000000100250400'
Event: 5.721 Thread 0x000002686bd37a10 Unloading class 0x0000000100250000 'java/lang/invoke/LambdaForm$MH+0x0000000100250000'
Event: 5.721 Thread 0x000002686bd37a10 Unloading class 0x000000010024fc00 'java/lang/invoke/LambdaForm$MH+0x000000010024fc00'
Event: 5.721 Thread 0x000002686bd37a10 Unloading class 0x000000010024f800 'java/lang/invoke/LambdaForm$MH+0x000000010024f800'
Event: 5.721 Thread 0x000002686bd37a10 Unloading class 0x000000010024f400 'java/lang/invoke/LambdaForm$BMH+0x000000010024f400'
Event: 5.721 Thread 0x000002686bd37a10 Unloading class 0x000000010024f000 'java/lang/invoke/LambdaForm$DMH+0x000000010024f000'
Event: 5.721 Thread 0x000002686bd37a10 Unloading class 0x000000010024c400 'java/lang/invoke/LambdaForm$DMH+0x000000010024c400'

Classes redefined (0 events):
No events

Internal exceptions (20 events):
Event: 29.979 Thread 0x00000268726f0c70 Exception <a 'sun/nio/fs/WindowsException'{0x00000000eb0320a0}> (0x00000000eb0320a0) 
thrown [s\src\hotspot\share\prims\jni.cpp, line 516]
Event: 29.979 Thread 0x00000268726f0c70 Exception <a 'sun/nio/fs/WindowsException'{0x00000000eb032e88}> (0x00000000eb032e88) 
thrown [s\src\hotspot\share\prims\jni.cpp, line 516]
Event: 29.979 Thread 0x00000268726f0c70 Exception <a 'sun/nio/fs/WindowsException'{0x00000000eb033700}> (0x00000000eb033700) 
thrown [s\src\hotspot\share\prims\jni.cpp, line 516]
Event: 29.980 Thread 0x00000268726f0c70 Exception <a 'sun/nio/fs/WindowsException'{0x00000000eb03d850}> (0x00000000eb03d850) 
thrown [s\src\hotspot\share\prims\jni.cpp, line 516]
Event: 29.980 Thread 0x00000268726f0c70 Exception <a 'sun/nio/fs/WindowsException'{0x00000000eb03de98}> (0x00000000eb03de98) 
thrown [s\src\hotspot\share\prims\jni.cpp, line 516]
Event: 29.983 Thread 0x00000268726f0c70 Exception <a 'sun/nio/fs/WindowsException'{0x00000000eb047180}> (0x00000000eb047180) 
thrown [s\src\hotspot\share\prims\jni.cpp, line 516]
Event: 29.983 Thread 0x00000268726f0c70 Exception <a 'sun/nio/fs/WindowsException'{0x00000000eb04fc40}> (0x00000000eb04fc40) 
thrown [s\src\hotspot\share\prims\jni.cpp, line 516]
Event: 29.986 Thread 0x00000268726f0c70 Exception <a 'sun/nio/fs/WindowsException'{0x00000000eb070118}> (0x00000000eb070118) 
thrown [s\src\hotspot\share\prims\jni.cpp, line 516]
Event: 29.986 Thread 0x00000268726f0c70 Exception <a 'sun/nio/fs/WindowsException'{0x00000000eb070c18}> (0x00000000eb070c18) 
thrown [s\src\hotspot\share\prims\jni.cpp, line 516]
Event: 29.987 Thread 0x00000268726f0c70 Exception <a 'sun/nio/fs/WindowsException'{0x00000000eb072280}> (0x00000000eb072280) 
thrown [s\src\hotspot\share\prims\jni.cpp, line 516]
Event: 29.987 Thread 0x00000268726f0c70 Exception <a 'sun/nio/fs/WindowsException'{0x00000000eb072d70}> (0x00000000eb072d70) 
thrown [s\src\hotspot\share\prims\jni.cpp, line 516]
Event: 30.001 Thread 0x00000268726f0c70 Exception <a 'sun/nio/fs/WindowsException'{0x00000000eb07c728}> (0x00000000eb07c728) 
thrown [s\src\hotspot\share\prims\jni.cpp, line 516]
Event: 30.120 Thread 0x0000026871e67790 Exception <a 'java/lang/NoSuchMethodError'{0x00000000eb24c9b8}: 'java.lang.Object java.lang.invoke.DirectMethodHandle$Holder.newInvokeSpecial(java.lang.Object, java.lang.Object, java.lang.Object, java.lang.Object, java.lang.Object, java.lang.Object, java.lang.Object, java.lang.Object)'> (0x00000000eb24c9b8) 
thrown [s\src\hotspot\share\interpreter\linkResolver.cpp, line 759]
Event: 30.120 Thread 0x0000026871e67790 Exception <a 'java/lang/NoSuchMethodError'{0x00000000eb2513c8}: 'java.lang.Object java.lang.invoke.Invokers$Holder.linkToTargetMethod(java.lang.Object, java.lang.Object, java.lang.Object, java.lang.Object, java.lang.Object, java.lang.Object, java.lang.Object, java.lang.Object)'> (0x00000000eb2513c8) 
thrown [s\src\hotspot\share\interpreter\linkResolver.cpp, line 759]
Event: 30.121 Thread 0x00000268726f0c70 Exception <a 'java/lang/NoSuchMethodError'{0x00000000eb276970}: 'java.lang.Object java.lang.invoke.DirectMethodHandle$Holder.invokeStatic(java.lang.Object, java.lang.Object, int, java.lang.Object)'> (0x00000000eb276970) 
thrown [s\src\hotspot\share\interpreter\linkResolver.cpp, line 759]
Event: 30.143 Thread 0x0000026871e67790 Implicit null exception at 0x00000268627d756b to 0x00000268627d7f30
Event: 30.760 Thread 0x00000268726efd40 Exception <a 'java/io/FileNotFoundException'{0x00000000eb04aa60}> (0x00000000eb04aa60) 
thrown [s\src\hotspot\share\prims\jni.cpp, line 516]
Event: 30.761 Thread 0x00000268726efd40 Exception <a 'java/io/FileNotFoundException'{0x00000000eb04bf68}> (0x00000000eb04bf68) 
thrown [s\src\hotspot\share\prims\jni.cpp, line 516]
Event: 30.936 Thread 0x00000268726efd40 Exception <a 'java/io/FileNotFoundException'{0x00000000eb20db78}> (0x00000000eb20db78) 
thrown [s\src\hotspot\share\prims\jni.cpp, line 516]
Event: 30.936 Thread 0x00000268726efd40 Exception <a 'java/io/FileNotFoundException'{0x00000000eb20eb78}> (0x00000000eb20eb78) 
thrown [s\src\hotspot\share\prims\jni.cpp, line 516]

VM Operations (20 events):
Event: 28.226 Executing VM operation: ParallelGCFailedAllocation
Event: 28.227 Executing VM operation: ParallelGCFailedAllocation done
Event: 28.697 Executing VM operation: HandshakeAllThreads
Event: 28.697 Executing VM operation: HandshakeAllThreads done
Event: 29.450 Executing VM operation: ParallelGCFailedAllocation
Event: 29.452 Executing VM operation: ParallelGCFailedAllocation done
Event: 29.968 Executing VM operation: HandshakeAllThreads
Event: 29.995 Executing VM operation: HandshakeAllThreads done
Event: 29.995 Executing VM operation: HandshakeAllThreads
Event: 29.998 Executing VM operation: HandshakeAllThreads done
Event: 30.003 Executing VM operation: HandshakeAllThreads
Event: 30.008 Executing VM operation: HandshakeAllThreads done
Event: 30.010 Executing VM operation: HandshakeAllThreads
Event: 30.010 Executing VM operation: HandshakeAllThreads done
Event: 30.096 Executing VM operation: HandshakeAllThreads
Event: 30.096 Executing VM operation: HandshakeAllThreads done
Event: 30.254 Executing VM operation: ICBufferFull
Event: 30.254 Executing VM operation: ICBufferFull done
Event: 30.296 Executing VM operation: ParallelGCFailedAllocation
Event: 30.298 Executing VM operation: ParallelGCFailedAllocation done

Events (20 events):
Event: 30.105 Thread 0x0000026870f41cb0 flushing nmethod 0x000002685b81d910
Event: 30.105 Thread 0x0000026870f41cb0 flushing nmethod 0x000002685b826e90
Event: 30.105 Thread 0x0000026870f41cb0 flushing nmethod 0x000002685b845c10
Event: 30.105 Thread 0x0000026870f41cb0 flushing nmethod 0x000002685b850e90
Event: 30.105 Thread 0x0000026870f41cb0 flushing nmethod 0x000002685b87d010
Event: 30.110 Thread 0x00000268726ee900 Thread added: 0x00000268726ee900
Event: 30.122 loading class java/util/concurrent/CompletableFuture$UniApply
Event: 30.122 loading class java/util/concurrent/CompletableFuture$UniApply done
Event: 30.122 loading class java/util/concurrent/ForkJoinPool$DefaultCommonPoolForkJoinWorkerThreadFactory$1
Event: 30.122 loading class java/util/concurrent/ForkJoinPool$DefaultCommonPoolForkJoinWorkerThreadFactory$1 done
Event: 30.123 Thread 0x00000268726efd40 Thread added: 0x00000268726efd40
Event: 30.175 Thread 0x00000268726f0760 Thread added: 0x00000268726f0760
Event: 30.204 Thread 0x00000268726f1690 Thread added: 0x00000268726f1690
Event: 30.204 loading class java/util/concurrent/CompletableFuture$UniExceptionally
Event: 30.204 loading class java/util/concurrent/CompletableFuture$UniExceptionally done
Event: 30.228 loading class java/util/regex/PatternSyntaxException
Event: 30.228 loading class java/util/regex/PatternSyntaxException done
Event: 30.302 Thread 0x00000268726f1ba0 Thread added: 0x00000268726f1ba0
Event: 30.768 loading class java/io/SequenceInputStream
Event: 30.768 loading class java/io/SequenceInputStream done


Dynamic libraries:
0x00007ff741dd0000 - 0x00007ff741dde000 	c:\Users\user\.vscode\extensions\redhat.java-1.31.0-win32-x64\jre\17.0.11-win32-x86_64\bin\java.exe
0x00007fff7e8d0000 - 0x00007fff7eae7000 	C:\WINDOWS\SYSTEM32\ntdll.dll
0x00007fff7da90000 - 0x00007fff7db54000 	C:\WINDOWS\System32\KERNEL32.DLL
0x00007fff7bd60000 - 0x00007fff7c107000 	C:\WINDOWS\System32\KERNELBASE.dll
0x00007fff7c470000 - 0x00007fff7c581000 	C:\WINDOWS\System32\ucrtbase.dll
0x00007fff79600000 - 0x00007fff79617000 	c:\Users\user\.vscode\extensions\redhat.java-1.31.0-win32-x64\jre\17.0.11-win32-x86_64\bin\jli.dll
0x00007fff7c6d0000 - 0x00007fff7c87e000 	C:\WINDOWS\System32\USER32.dll
0x00007fff7c230000 - 0x00007fff7c256000 	C:\WINDOWS\System32\win32u.dll
0x00007fff7e4c0000 - 0x00007fff7e4e9000 	C:\WINDOWS\System32\GDI32.dll
0x00007fff7c110000 - 0x00007fff7c229000 	C:\WINDOWS\System32\gdi32full.dll
0x00007fff7c260000 - 0x00007fff7c2fa000 	C:\WINDOWS\System32\msvcp_win.dll
0x00007fff795e0000 - 0x00007fff795fb000 	c:\Users\user\.vscode\extensions\redhat.java-1.31.0-win32-x64\jre\17.0.11-win32-x86_64\bin\VCRUNTIME140.dll
0x00007fff60160000 - 0x00007fff603f3000 	C:\WINDOWS\WinSxS\amd64_microsoft.windows.common-controls_6595b64144ccf1df_6.0.22621.3527_none_270e469b73872a76\COMCTL32.dll
0x00007fff7e6e0000 - 0x00007fff7e787000 	C:\WINDOWS\System32\msvcrt.dll
0x00007fff7d300000 - 0x00007fff7d331000 	C:\WINDOWS\System32\IMM32.DLL
0x00007fff795d0000 - 0x00007fff795dc000 	c:\Users\user\.vscode\extensions\redhat.java-1.31.0-win32-x64\jre\17.0.11-win32-x86_64\bin\vcruntime140_1.dll
0x00007fff46a30000 - 0x00007fff46abd000 	c:\Users\user\.vscode\extensions\redhat.java-1.31.0-win32-x64\jre\17.0.11-win32-x86_64\bin\msvcp140.dll
0x00007fff02140000 - 0x00007fff02da2000 	c:\Users\user\.vscode\extensions\redhat.java-1.31.0-win32-x64\jre\17.0.11-win32-x86_64\bin\server\jvm.dll
0x00007fff7d6e0000 - 0x00007fff7d792000 	C:\WINDOWS\System32\ADVAPI32.dll
0x00007fff7c610000 - 0x00007fff7c6b8000 	C:\WINDOWS\System32\sechost.dll
0x00007fff7c300000 - 0x00007fff7c328000 	C:\WINDOWS\System32\bcrypt.dll
0x00007fff7d910000 - 0x00007fff7da25000 	C:\WINDOWS\System32\RPCRT4.dll
0x00007fff7b450000 - 0x00007fff7b49d000 	C:\WINDOWS\SYSTEM32\POWRPROF.dll
0x00007fff59ad0000 - 0x00007fff59ad9000 	C:\WINDOWS\SYSTEM32\WSOCK32.dll
0x00007fff7e440000 - 0x00007fff7e4b1000 	C:\WINDOWS\System32\WS2_32.dll
0x00007fff707a0000 - 0x00007fff707d4000 	C:\WINDOWS\SYSTEM32\WINMM.dll
0x00007fff79570000 - 0x00007fff7957a000 	C:\WINDOWS\SYSTEM32\VERSION.dll
0x00007fff7b430000 - 0x00007fff7b443000 	C:\WINDOWS\SYSTEM32\UMPDC.dll
0x00007fff7ac10000 - 0x00007fff7ac28000 	C:\WINDOWS\SYSTEM32\kernel.appcore.dll
0x00007fff795b0000 - 0x00007fff795ba000 	c:\Users\user\.vscode\extensions\redhat.java-1.31.0-win32-x64\jre\17.0.11-win32-x86_64\bin\jimage.dll
0x00007fff78920000 - 0x00007fff78b53000 	C:\WINDOWS\SYSTEM32\DBGHELP.DLL
0x00007fff7d340000 - 0x00007fff7d6c8000 	C:\WINDOWS\System32\combase.dll
0x00007fff7dec0000 - 0x00007fff7df97000 	C:\WINDOWS\System32\OLEAUT32.dll
0x00007fff57e00000 - 0x00007fff57e32000 	C:\WINDOWS\SYSTEM32\dbgcore.DLL
0x00007fff7c330000 - 0x00007fff7c3a9000 	C:\WINDOWS\System32\bcryptPrimitives.dll
0x00007fff795a0000 - 0x00007fff795ae000 	c:\Users\user\.vscode\extensions\redhat.java-1.31.0-win32-x64\jre\17.0.11-win32-x86_64\bin\instrument.dll
0x00007fff78570000 - 0x00007fff78595000 	c:\Users\user\.vscode\extensions\redhat.java-1.31.0-win32-x64\jre\17.0.11-win32-x86_64\bin\java.dll
0x00007fff79370000 - 0x00007fff79388000 	c:\Users\user\.vscode\extensions\redhat.java-1.31.0-win32-x64\jre\17.0.11-win32-x86_64\bin\zip.dll
0x00007fff7c890000 - 0x00007fff7d0ec000 	C:\WINDOWS\System32\SHELL32.dll
0x00007fff79b30000 - 0x00007fff7a426000 	C:\WINDOWS\SYSTEM32\windows.storage.dll
0x00007fff799f0000 - 0x00007fff79b2e000 	C:\WINDOWS\SYSTEM32\wintypes.dll
0x00007fff7ddc0000 - 0x00007fff7deb5000 	C:\WINDOWS\System32\SHCORE.dll
0x00007fff7d0f0000 - 0x00007fff7d14e000 	C:\WINDOWS\System32\shlwapi.dll
0x00007fff7bb20000 - 0x00007fff7bb41000 	C:\WINDOWS\SYSTEM32\profapi.dll
0x00007fff792e0000 - 0x00007fff792f9000 	C:\Users\user\.vscode\extensions\redhat.java-1.31.0-win32-x64\jre\17.0.11-win32-x86_64\bin\net.dll
0x00007fff733c0000 - 0x00007fff734f6000 	C:\WINDOWS\SYSTEM32\WINHTTP.dll
0x00007fff7b080000 - 0x00007fff7b0e9000 	C:\WINDOWS\system32\mswsock.dll
0x00007fff78550000 - 0x00007fff78566000 	C:\Users\user\.vscode\extensions\redhat.java-1.31.0-win32-x64\jre\17.0.11-win32-x86_64\bin\nio.dll
0x00007fff79590000 - 0x00007fff795a0000 	c:\Users\user\.vscode\extensions\redhat.java-1.31.0-win32-x64\jre\17.0.11-win32-x86_64\bin\verify.dll
0x00007fff55b30000 - 0x00007fff55b74000 	C:\Users\user\AppData\Roaming\Code\User\globalStorage\redhat.java\1.31.0\config_win\org.eclipse.equinox.launcher\org.eclipse.equinox.launcher.win32.win32.x86_64_1.2.1000.v20240507-1834\eclipse_11902.dll
0x00007fff7d150000 - 0x00007fff7d2f5000 	C:\WINDOWS\System32\ole32.dll
0x00007fff7b2e0000 - 0x00007fff7b2fb000 	C:\WINDOWS\SYSTEM32\CRYPTSP.dll
0x00007fff7ab70000 - 0x00007fff7aba5000 	C:\WINDOWS\system32\rsaenh.dll
0x00007fff7b180000 - 0x00007fff7b1a8000 	C:\WINDOWS\SYSTEM32\USERENV.dll
0x00007fff7b300000 - 0x00007fff7b30c000 	C:\WINDOWS\SYSTEM32\CRYPTBASE.dll
0x00007fff7a6d0000 - 0x00007fff7a6fd000 	C:\WINDOWS\SYSTEM32\IPHLPAPI.DLL
0x00007fff7c600000 - 0x00007fff7c609000 	C:\WINDOWS\System32\NSI.dll
0x00007fff733a0000 - 0x00007fff733b9000 	C:\WINDOWS\SYSTEM32\dhcpcsvc6.DLL
0x00007fff73380000 - 0x00007fff7339f000 	C:\WINDOWS\SYSTEM32\dhcpcsvc.DLL
0x00007fff7a700000 - 0x00007fff7a7f9000 	C:\WINDOWS\SYSTEM32\DNSAPI.dll
0x00007fff2b960000 - 0x00007fff2b9a5000 	C:\Users\user\AppData\Local\Temp\jna-2044671\jna14790939754987300570.dll
0x00007fff7d6d0000 - 0x00007fff7d6d8000 	C:\WINDOWS\System32\PSAPI.DLL
0x00007fff49910000 - 0x00007fff49937000 	C:\Users\user\.gradle\native\c067742578af261105cb4f569cf0c3c89f3d7b1fecec35dd04571415982c5e48\windows-amd64\native-platform.dll
0x00007fff78530000 - 0x00007fff78539000 	C:\Users\user\.vscode\extensions\redhat.java-1.31.0-win32-x64\jre\17.0.11-win32-x86_64\bin\management.dll
0x00007fff76830000 - 0x00007fff7683b000 	C:\Users\user\.vscode\extensions\redhat.java-1.31.0-win32-x64\jre\17.0.11-win32-x86_64\bin\management_ext.dll
0x00007fff785b0000 - 0x00007fff785b9000 	C:\Users\user\.vscode\extensions\redhat.java-1.31.0-win32-x64\jre\17.0.11-win32-x86_64\bin\extnet.dll

dbghelp: loaded successfully - version: 4.0.5 - missing functions: none
symbol engine: initialized successfully - sym options: 0x614 - pdb path: .;c:\Users\user\.vscode\extensions\redhat.java-1.31.0-win32-x64\jre\17.0.11-win32-x86_64\bin;C:\WINDOWS\SYSTEM32;C:\WINDOWS\WinSxS\amd64_microsoft.windows.common-controls_6595b64144ccf1df_6.0.22621.3527_none_270e469b73872a76;c:\Users\user\.vscode\extensions\redhat.java-1.31.0-win32-x64\jre\17.0.11-win32-x86_64\bin\server;C:\Users\user\AppData\Roaming\Code\User\globalStorage\redhat.java\1.31.0\config_win\org.eclipse.equinox.launcher\org.eclipse.equinox.launcher.win32.win32.x86_64_1.2.1000.v20240507-1834;C:\Users\user\AppData\Local\Temp\jna-2044671;C:\Users\user\.gradle\native\c067742578af261105cb4f569cf0c3c89f3d7b1fecec35dd04571415982c5e48\windows-amd64

VM Arguments:
jvm_args: --add-modules=ALL-SYSTEM --add-opens=java.base/java.util=ALL-UNNAMED --add-opens=java.base/java.lang=ALL-UNNAMED --add-opens=java.base/sun.nio.fs=ALL-UNNAMED -Declipse.application=org.eclipse.jdt.ls.core.id1 -Dosgi.bundles.defaultStartLevel=4 -Declipse.product=org.eclipse.jdt.ls.core.product -Djava.import.generatesMetadataFilesAtProjectRoot=false -DDetectVMInstallationsJob.disabled=true -Dfile.encoding=utf8 -XX:+UseParallelGC -XX:GCTimeRatio=4 -XX:AdaptiveSizePolicyWeight=90 -Dsun.zip.disableMemoryMapping=true -Xmx1G -Xms100m -Xlog:disable -javaagent:c:\Users\user\.vscode\extensions\redhat.java-1.31.0-win32-x64\lombok\lombok-1.18.32.jar -XX:+HeapDumpOnOutOfMemoryError -XX:HeapDumpPath=c:\Users\user\AppData\Roaming\Code\User\workspaceStorage\ed282c5410c568b4ceee77d18a2aa3fe\redhat.java -Daether.dependencyCollector.impl=bf 
java_command: c:\Users\user\.vscode\extensions\redhat.java-1.31.0-win32-x64\server\plugins\org.eclipse.equinox.launcher_1.6.800.v20240513-1750.jar -configuration c:\Users\user\AppData\Roaming\Code\User\globalStorage\redhat.java\1.31.0\config_win -data c:\Users\user\AppData\Roaming\Code\User\workspaceStorage\ed282c5410c568b4ceee77d18a2aa3fe\redhat.java\jdt_ws --pipe=\\.\pipe\lsp-901b3170d0c6a70212994a51885c4b4a-sock
java_class_path (initial): c:\Users\user\.vscode\extensions\redhat.java-1.31.0-win32-x64\server\plugins\org.eclipse.equinox.launcher_1.6.800.v20240513-1750.jar
Launcher Type: SUN_STANDARD

[Global flags]
    uintx AdaptiveSizePolicyWeight                 = 90                                        {product} {command line}
     intx CICompilerCount                          = 3                                         {product} {ergonomic}
    uintx GCTimeRatio                              = 4                                         {product} {command line}
     bool HeapDumpOnOutOfMemoryError               = true                                   {manageable} {command line}
    ccstr HeapDumpPath                             = c:\Users\user\AppData\Roaming\Code\User\workspaceStorage\ed282c5410c568b4ceee77d18a2aa3fe\redhat.java         {manageable} {command line}
   size_t InitialHeapSize                          = 104857600                                 {product} {command line}
   size_t MaxHeapSize                              = 1073741824                                {product} {command line}
   size_t MaxNewSize                               = 357564416                                 {product} {ergonomic}
   size_t MinHeapDeltaBytes                        = 524288                                    {product} {ergonomic}
   size_t MinHeapSize                              = 104857600                                 {product} {command line}
   size_t NewSize                                  = 34603008                                  {product} {ergonomic}
    uintx NonNMethodCodeHeapSize                   = 5832780                                {pd product} {ergonomic}
    uintx NonProfiledCodeHeapSize                  = 122912730                              {pd product} {ergonomic}
   size_t OldSize                                  = 70254592                                  {product} {ergonomic}
    uintx ProfiledCodeHeapSize                     = 122912730                              {pd product} {ergonomic}
    uintx ReservedCodeCacheSize                    = 251658240                              {pd product} {ergonomic}
     bool SegmentedCodeCache                       = true                                      {product} {ergonomic}
   size_t SoftMaxHeapSize                          = 1073741824                             {manageable} {ergonomic}
     bool UseCompressedClassPointers               = true                           {product lp64_product} {ergonomic}
     bool UseCompressedOops                        = true                           {product lp64_product} {ergonomic}
     bool UseLargePagesIndividualAllocation        = false                                  {pd product} {ergonomic}
     bool UseParallelGC                            = true                                      {product} {command line}

Logging:
Log output configuration:
 #0: stdout all=off uptime,level,tags
 #1: stderr all=off uptime,level,tags

Environment Variables:
JAVA_HOME=C:\Program Files\Java\jdk-22\bin
PATH=C:\Program Files\Common Files\Oracle\Java\javapath;E:\InterEase\Scripts\;E:\InterEase\;C:\Python310\Scripts\;C:\Python310\;C:\WINDOWS\system32;C:\WINDOWS;C:\WINDOWS\System32\Wbem;C:\MinGW\bin;C:\WINDOWS\System32\WindowsPowerShell\v1.0\;C:\WINDOWS\System32\OpenSSH\;C:\Program Files\Java\java-1.8.0-openjdk-1.8.0.312-1.b07.ojdkbuild.windows.x86_64\bin;C:\ProgramData\chocolatey\bin;C:\Program Files\Android\Android Studio\platform-tools;C:\Program Files\Git\cmd;C:\src\flutter_windows_3.13.9-stable\flutter\bin;C:\Program Files (x86)\Windows Kits\10\Windows Performance Toolkit\;C:\Program Files\nodejs\;C:\Program Files\MySQL\MySQL Shell 8.0\bin\;C:\Users\user\AppData\Local\Microsoft\WindowsApps;C:\Users\user\AppData\Local\Programs\Microsoft VS Code\bin;C:\Program Files\Android\Android Studio\platform-tools;C:\src\flutter_windows_3.13.9-stable\flutter\bin;C:\Users\user\AppData\Local\Android\Sdk\platform-tools;C:\Users\user\AppData\Roaming\npm
USERNAME=Amna
OS=Windows_NT
PROCESSOR_IDENTIFIER=Intel64 Family 6 Model 140 Stepping 1, GenuineIntel
TMP=C:\Users\user\AppData\Local\Temp
TEMP=C:\Users\user\AppData\Local\Temp



Periodic native trim disabled


---------------  S Y S T E M  ---------------

OS:
 Windows 11 , 64 bit Build 22621 (10.0.22621.3527)
OS uptime: 0 days 14:48 hours

CPU: total 4 (initial active 4) (2 cores per cpu, 2 threads per core) family 6 model 140 stepping 1 microcode 0xb4, cx8, cmov, fxsr, ht, mmx, 3dnowpref, sse, sse2, sse3, ssse3, sse4.1, sse4.2, popcnt, lzcnt, tsc, tscinvbit, avx, avx2, aes, erms, clmul, bmi1, bmi2, adx, avx512f, avx512dq, avx512cd, avx512bw, avx512vl, sha, fma, vzeroupper, avx512_vpopcntdq, avx512_vpclmulqdq, avx512_vaes, avx512_vnni, clflush, clflushopt, clwb, avx512_vbmi2, avx512_vbmi
Processor Information for all 4 processors :
  Max Mhz: 2901, Current Mhz: 2901, Mhz Limit: 2901

Memory: 4k page, system-wide physical 7834M (286M free)
TotalPageFile size 21928M (AvailPageFile size 0M)
current process WorkingSet (physical memory assigned to process): 228M, peak: 249M
current process commit charge ("private bytes"): 296M, peak: 310M

vm_info: OpenJDK 64-Bit Server VM (17.0.11+9) for windows-amd64 JRE (17.0.11+9), built on Apr 17 2024 06:07:48 by "admin" with MS VC++ 16.10 / 16.11 (VS2019)

END.
